# JRE version: OpenJDK Runtime Environment (20.0.2+9) (build 20.0.2+9-78)
# Java VM: OpenJDK 64-Bit Server VM (20.0.2+9-78, mixed mode, sharing, tiered, compressed oops, compressed class ptrs, g1 gc, windows-amd64)
GC Precious Log:
 CardTable entry size: 512
 Card Set container configuration: InlinePtr #cards 5 size 8 Array Of Cards #cards 12 size 40 Howl #buckets 4 coarsen threshold 1843 Howl Bitmap #cards 512 size 80 coarsen threshold 460 Card regions per heap region 1 cards per card region 2048
 CPUs: 12 total, 12 available
 Memory: 7501M
 Large Page Support: Disabled
 NUMA Support: Disabled
 Compressed Oops: Enabled (32-bit)
 Heap Region Size: 1M
 Heap Min Capacity: 8M
 Heap Initial Capacity: 118M
 Heap Max Capacity: 1876M
 Pre-touch: Disabled
 Parallel Workers: 10
 Concurrent Workers: 3
 Concurrent Refinement Workers: 10
 Periodic GC: Disabled
Heap:
 garbage-first heap   total 91136K, used 58188K [0x000000008ac00000, 0x0000000100000000)
  region size 1024K, 21 young (21504K), 4 survivors (4096K)
 Metaspace       used 76649K, committed 77376K, reserved 1179648K
  class space    used 10241K, committed 10560K, reserved 1048576K
GC Heap History (20 events):
Event: 2.555 GC heap before
{Heap before GC invocations=3 (full 0):
 garbage-first heap   total 120832K, used 43953K [0x000000008ac00000, 0x0000000100000000)
  region size 1024K, 29 young (29696K), 5 survivors (5120K)
 Metaspace       used 21153K, committed 21504K, reserved 1114112K
  class space    used 2515K, committed 2688K, reserved 1048576K
}
Event: 2.559 GC heap after
{Heap after GC invocations=4 (full 0):
 garbage-first heap   total 120832K, used 24483K [0x000000008ac00000, 0x0000000100000000)
  region size 1024K, 6 young (6144K), 6 survivors (6144K)
 Metaspace       used 21153K, committed 21504K, reserved 1114112K
  class space    used 2515K, committed 2688K, reserved 1048576K
}
Event: 3.466 GC heap before
{Heap before GC invocations=5 (full 0):
 garbage-first heap   total 75776K, used 59299K [0x000000008ac00000, 0x0000000100000000)
  region size 1024K, 44 young (45056K), 6 survivors (6144K)
 Metaspace       used 26106K, committed 26432K, reserved 1114112K
  class space    used 3266K, committed 3392K, reserved 1048576K
}
Event: 3.472 GC heap after
{Heap after GC invocations=6 (full 0):
 garbage-first heap   total 75776K, used 23796K [0x000000008ac00000, 0x0000000100000000)
  region size 1024K, 6 young (6144K), 6 survivors (6144K)
 Metaspace       used 26106K, committed 26432K, reserved 1114112K
  class space    used 3266K, committed 3392K, reserved 1048576K
}
Event: 4.328 GC heap before
{Heap before GC invocations=6 (full 0):
 garbage-first heap   total 75776K, used 58612K [0x000000008ac00000, 0x0000000100000000)
  region size 1024K, 40 young (40960K), 6 survivors (6144K)
 Metaspace       used 31253K, committed 31680K, reserved 1114112K
  class space    used 3979K, committed 4160K, reserved 1048576K
}
Event: 4.334 GC heap after
{Heap after GC invocations=7 (full 0):
 garbage-first heap   total 75776K, used 26407K [0x000000008ac00000, 0x0000000100000000)
  region size 1024K, 4 young (4096K), 4 survivors (4096K)
 Metaspace       used 31253K, committed 31680K, reserved 1114112K
  class space    used 3979K, committed 4160K, reserved 1048576K
}
Event: 4.699 GC heap before
{Heap before GC invocations=7 (full 0):
 garbage-first heap   total 75776K, used 66343K [0x000000008ac00000, 0x0000000100000000)
  region size 1024K, 37 young (37888K), 4 survivors (4096K)
 Metaspace       used 33272K, committed 33792K, reserved 1114112K
  class space    used 4260K, committed 4480K, reserved 1048576K
}
Event: 4.704 GC heap after
{Heap after GC invocations=8 (full 0):
 garbage-first heap   total 75776K, used 30257K [0x000000008ac00000, 0x0000000100000000)
  region size 1024K, 4 young (4096K), 4 survivors (4096K)
 Metaspace       used 33272K, committed 33792K, reserved 1114112K
  class space    used 4260K, committed 4480K, reserved 1048576K
}
Event: 4.940 GC heap before
{Heap before GC invocations=8 (full 0):
 garbage-first heap   total 75776K, used 37425K [0x000000008ac00000, 0x0000000100000000)
  region size 1024K, 12 young (12288K), 4 survivors (4096K)
 Metaspace       used 35454K, committed 35968K, reserved 1114112K
  class space    used 4544K, committed 4800K, reserved 1048576K
}
Event: 4.943 GC heap after
{Heap after GC invocations=9 (full 0):
 garbage-first heap   total 75776K, used 31241K [0x000000008ac00000, 0x0000000100000000)
  region size 1024K, 1 young (1024K), 1 survivors (1024K)
 Metaspace       used 35454K, committed 35968K, reserved 1114112K
  class space    used 4544K, committed 4800K, reserved 1048576K
}
Event: 6.043 GC heap before
{Heap before GC invocations=10 (full 0):
 garbage-first heap   total 75776K, used 64009K [0x000000008ac00000, 0x0000000100000000)
  region size 1024K, 33 young (33792K), 1 survivors (1024K)
 Metaspace       used 47199K, committed 47744K, reserved 1114112K
  class space    used 6147K, committed 6400K, reserved 1048576K
}
Event: 6.046 GC heap after
{Heap after GC invocations=11 (full 0):
 garbage-first heap   total 91136K, used 33881K [0x000000008ac00000, 0x0000000100000000)
  region size 1024K, 4 young (4096K), 4 survivors (4096K)
 Metaspace       used 47199K, committed 47744K, reserved 1114112K
  class space    used 6147K, committed 6400K, reserved 1048576K
}
Event: 6.972 GC heap before
{Heap before GC invocations=11 (full 0):
 garbage-first heap   total 91136K, used 75865K [0x000000008ac00000, 0x0000000100000000)
  region size 1024K, 47 young (48128K), 4 survivors (4096K)
 Metaspace       used 59637K, committed 60160K, reserved 1114112K
  class space    used 7953K, committed 8192K, reserved 1048576K
}
Event: 6.976 GC heap after
{Heap after GC invocations=12 (full 0):
 garbage-first heap   total 91136K, used 35901K [0x000000008ac00000, 0x0000000100000000)
  region size 1024K, 6 young (6144K), 6 survivors (6144K)
 Metaspace       used 59637K, committed 60160K, reserved 1114112K
  class space    used 7953K, committed 8192K, reserved 1048576K
}
Event: 6.995 GC heap before
{Heap before GC invocations=12 (full 0):
 garbage-first heap   total 91136K, used 36925K [0x000000008ac00000, 0x0000000100000000)
  region size 1024K, 8 young (8192K), 6 survivors (6144K)
 Metaspace       used 59952K, committed 60480K, reserved 1114112K
  class space    used 8004K, committed 8256K, reserved 1048576K
}
Event: 6.999 GC heap after
{Heap after GC invocations=13 (full 0):
 garbage-first heap   total 91136K, used 36080K [0x000000008ac00000, 0x0000000100000000)
  region size 1024K, 3 young (3072K), 3 survivors (3072K)
 Metaspace       used 59952K, committed 60480K, reserved 1114112K
  class space    used 8004K, committed 8256K, reserved 1048576K
}
Event: 7.860 GC heap before
{Heap before GC invocations=14 (full 0):
 garbage-first heap   total 91136K, used 80112K [0x000000008ac00000, 0x0000000100000000)
  region size 1024K, 46 young (47104K), 3 survivors (3072K)
 Metaspace       used 66889K, committed 67648K, reserved 1114112K
  class space    used 8921K, committed 9280K, reserved 1048576K
}
Event: 7.865 GC heap after
{Heap after GC invocations=15 (full 0):
 garbage-first heap   total 91136K, used 40099K [0x000000008ac00000, 0x0000000100000000)
  region size 1024K, 6 young (6144K), 6 survivors (6144K)
 Metaspace       used 66889K, committed 67648K, reserved 1114112K
  class space    used 8921K, committed 9280K, reserved 1048576K
}
Event: 8.625 GC heap before
{Heap before GC invocations=15 (full 0):
 garbage-first heap   total 91136K, used 79011K [0x000000008ac00000, 0x0000000100000000)
  region size 1024K, 44 young (45056K), 6 survivors (6144K)
 Metaspace       used 72360K, committed 73152K, reserved 1114112K
  class space    used 9704K, committed 10048K, reserved 1048576K
}
Event: 8.633 GC heap after
{Heap after GC invocations=16 (full 0):
 garbage-first heap   total 91136K, used 42828K [0x000000008ac00000, 0x0000000100000000)
  region size 1024K, 4 young (4096K), 4 survivors (4096K)
 Metaspace       used 72360K, committed 73152K, reserved 1114112K
  class space    used 9704K, committed 10048K, reserved 1048576K
}

